<?xml version="1.0" encoding="UTF-8"?>
<coverage generated="1628733434129" clover="3.2.0">
  <project timestamp="1628733434130" name="All files">
    <metrics statements="9" coveredstatements="5" conditionals="8" coveredconditionals="1" methods="3" coveredmethods="3" elements="20" coveredelements="9" complexity="0" loc="9" ncloc="9" packages="2" files="2" classes="2"/>
    <package name="app">
      <metrics statements="0" coveredstatements="0" conditionals="0" coveredconditionals="0" methods="0" coveredmethods="0"/>
      <file name="store.js" path="/home/raphaelspies/MVP-Project/client/src/app/store.js">
        <metrics statements="0" coveredstatements="0" conditionals="0" coveredconditionals="0" methods="0" coveredmethods="0"/>
      </file>
    </package>
    <package name="components">
      <metrics statements="9" coveredstatements="5" conditionals="8" coveredconditionals="1" methods="3" coveredmethods="3"/>
      <file name="app.jsx" path="/home/raphaelspies/MVP-Project/client/src/components/app.jsx">
        <metrics statements="9" coveredstatements="5" conditionals="8" coveredconditionals="1" methods="3" coveredmethods="3"/>
        <line num="10" count="1" type="stmt"/>
        <line num="11" count="3" type="stmt"/>
        <line num="12" count="2" type="stmt"/>
        <line num="13" count="2" type="cond" truecount="1" falsecount="1"/>
        <line num="14" count="2" type="stmt"/>
        <line num="21" count="0" type="cond" truecount="0" falsecount="2"/>
        <line num="22" count="0" type="stmt"/>
        <line num="29" count="0" type="cond" truecount="0" falsecount="2"/>
        <line num="30" count="0" type="stmt"/>
      </file>
    </package>
  </project>
</coverage>
