{"/home/raphaelspies/MVP-Project/client/src/app/store.js": {"path":"/home/raphaelspies/MVP-Project/client/src/app/store.js","statementMap":{},"fnMap":{},"branchMap":{},"s":{},"f":{},"b":{},"_coverageSchema":"1a1c01bbd47fc00a2c39e90264f33305004495a9","hash":"830439e638d5007be33c09408e4f172d7df7062f"}
,"/home/raphaelspies/MVP-Project/client/src/components/app.jsx": {"path":"/home/raphaelspies/MVP-Project/client/src/components/app.jsx","statementMap":{"0":{"start":{"line":10,"column":12},"end":{"line":38,"column":1}},"1":{"start":{"line":11,"column":15},"end":{"line":11,"column":55}},"2":{"start":{"line":11,"column":38},"end":{"line":11,"column":54}},"3":{"start":{"line":12,"column":21},"end":{"line":12,"column":62}},"4":{"start":{"line":12,"column":44},"end":{"line":12,"column":61}},"5":{"start":{"line":13,"column":2},"end":{"line":37,"column":3}},"6":{"start":{"line":14,"column":4},"end":{"line":20,"column":5}},"7":{"start":{"line":21,"column":9},"end":{"line":37,"column":3}},"8":{"start":{"line":22,"column":4},"end":{"line":28,"column":5}},"9":{"start":{"line":29,"column":9},"end":{"line":37,"column":3}},"10":{"start":{"line":30,"column":4},"end":{"line":36,"column":5}}},"fnMap":{"0":{"name":"(anonymous_0)","decl":{"start":{"line":10,"column":12},"end":{"line":10,"column":13}},"loc":{"start":{"line":10,"column":18},"end":{"line":38,"column":1}},"line":10},"1":{"name":"(anonymous_1)","decl":{"start":{"line":11,"column":27},"end":{"line":11,"column":28}},"loc":{"start":{"line":11,"column":38},"end":{"line":11,"column":54}},"line":11},"2":{"name":"(anonymous_2)","decl":{"start":{"line":12,"column":33},"end":{"line":12,"column":34}},"loc":{"start":{"line":12,"column":44},"end":{"line":12,"column":61}},"line":12}},"branchMap":{"0":{"loc":{"start":{"line":13,"column":2},"end":{"line":37,"column":3}},"type":"if","locations":[{"start":{"line":13,"column":2},"end":{"line":37,"column":3}},{"start":{"line":13,"column":2},"end":{"line":37,"column":3}}],"line":13},"1":{"loc":{"start":{"line":21,"column":9},"end":{"line":37,"column":3}},"type":"if","locations":[{"start":{"line":21,"column":9},"end":{"line":37,"column":3}},{"start":{"line":21,"column":9},"end":{"line":37,"column":3}}],"line":21},"2":{"loc":{"start":{"line":29,"column":9},"end":{"line":37,"column":3}},"type":"if","locations":[{"start":{"line":29,"column":9},"end":{"line":37,"column":3}},{"start":{"line":29,"column":9},"end":{"line":37,"column":3}}],"line":29},"3":{"loc":{"start":{"line":34,"column":9},"end":{"line":34,"column":34}},"type":"binary-expr","locations":[{"start":{"line":34,"column":9},"end":{"line":34,"column":19}},{"start":{"line":34,"column":23},"end":{"line":34,"column":34}}],"line":34}},"s":{"0":1,"1":3,"2":2,"3":2,"4":2,"5":2,"6":2,"7":0,"8":0,"9":0,"10":0},"f":{"0":3,"1":2,"2":2},"b":{"0":[2,0],"1":[0,0],"2":[0,0],"3":[0,0]},"_coverageSchema":"1a1c01bbd47fc00a2c39e90264f33305004495a9","hash":"ec28bc1d62e6280fc61376c7fdb95bab360d9000"}
}
